c:\users\jashliao\desktop\qrgenerator\qrgenerator\debug\vc140.pdb
c:\users\jashliao\desktop\qrgenerator\qrgenerator\debug\vc140.idb
c:\users\jashliao\desktop\qrgenerator\qrgenerator\debug\bitstream.obj
c:\users\jashliao\desktop\qrgenerator\qrgenerator\debug\mask.obj
c:\users\jashliao\desktop\qrgenerator\qrgenerator\debug\mmask.obj
c:\users\jashliao\desktop\qrgenerator\qrgenerator\debug\mqrspec.obj
c:\users\jashliao\desktop\qrgenerator\qrgenerator\debug\qrencode.obj
c:\users\jashliao\desktop\qrgenerator\qrgenerator\debug\qrinput.obj
c:\users\jashliao\desktop\qrgenerator\qrgenerator\debug\qrspec.obj
c:\users\jashliao\desktop\qrgenerator\qrgenerator\debug\rscode.obj
c:\users\jashliao\desktop\qrgenerator\qrgenerator\debug\split.obj
c:\users\jashliao\desktop\qrgenerator\qrgenerator\debug\qrgenerator.obj
c:\users\jashliao\desktop\qrgenerator\qrgenerator\debug\stdafx.obj
c:\users\jashliao\desktop\vc_qrcodegenerator\code\qrgenerator\debug\vc140.pdb
c:\users\jashliao\desktop\vc_qrcodegenerator\code\qrgenerator\debug\vc140.idb
c:\users\jashliao\desktop\vc_qrcodegenerator\code\qrgenerator\debug\bitstream.obj
c:\users\jashliao\desktop\vc_qrcodegenerator\code\qrgenerator\debug\mask.obj
c:\users\jashliao\desktop\vc_qrcodegenerator\code\qrgenerator\debug\mmask.obj
c:\users\jashliao\desktop\vc_qrcodegenerator\code\qrgenerator\debug\mqrspec.obj
c:\users\jashliao\desktop\vc_qrcodegenerator\code\qrgenerator\debug\qrencode.obj
c:\users\jashliao\desktop\vc_qrcodegenerator\code\qrgenerator\debug\qrinput.obj
c:\users\jashliao\desktop\vc_qrcodegenerator\code\qrgenerator\debug\qrspec.obj
c:\users\jashliao\desktop\vc_qrcodegenerator\code\qrgenerator\debug\rscode.obj
c:\users\jashliao\desktop\vc_qrcodegenerator\code\qrgenerator\debug\split.obj
c:\users\jashliao\desktop\vc_qrcodegenerator\code\qrgenerator\debug\qrgenerator.obj
c:\users\jashliao\desktop\vc_qrcodegenerator\code\qrgenerator\debug\stdafx.obj
c:\users\jashliao\desktop\qrgenerator\debug\qrgenerator.ilk
c:\users\jashliao\desktop\qrgenerator\debug\qrgenerator.exe
c:\users\jashliao\desktop\qrgenerator\debug\qrgenerator.pdb
c:\users\jashliao\desktop\vc_qrcodegenerator\code\debug\qrgenerator.ilk
c:\users\jashliao\desktop\vc_qrcodegenerator\code\debug\qrgenerator.exe
c:\users\jashliao\desktop\vc_qrcodegenerator\code\debug\qrgenerator.pdb
c:\users\jashliao\desktop\vc_qrcodegenerator\code\qrgenerator\debug\qrgenerator.tlog\cl.command.1.tlog
c:\users\jashliao\desktop\vc_qrcodegenerator\code\qrgenerator\debug\qrgenerator.tlog\cl.read.1.tlog
c:\users\jashliao\desktop\vc_qrcodegenerator\code\qrgenerator\debug\qrgenerator.tlog\cl.write.1.tlog
c:\users\jashliao\desktop\vc_qrcodegenerator\code\qrgenerator\debug\qrgenerator.tlog\link.command.1.tlog
c:\users\jashliao\desktop\vc_qrcodegenerator\code\qrgenerator\debug\qrgenerator.tlog\link.read.1.tlog
c:\users\jashliao\desktop\vc_qrcodegenerator\code\qrgenerator\debug\qrgenerator.tlog\link.write.1.tlog
